{"C:\\Users\\eliza\\Documents\\GitHub\\appwebpro-backend\\src\\application\\usuarioService.js": {"path":"C:\\Users\\eliza\\Documents\\GitHub\\appwebpro-backend\\src\\application\\usuarioService.js","statementMap":{"0":{"start":{"line":1,"column":13},"end":{"line":1,"column":44}},"1":{"start":{"line":2,"column":16},"end":{"line":2,"column":44}},"2":{"start":{"line":3,"column":15},"end":{"line":3,"column":32}},"3":{"start":{"line":8,"column":4},"end":{"line":12,"column":73}},"4":{"start":{"line":11,"column":17},"end":{"line":11,"column":122}},"5":{"start":{"line":11,"column":35},"end":{"line":11,"column":121}},"6":{"start":{"line":12,"column":20},"end":{"line":12,"column":58}},"7":{"start":{"line":12,"column":59},"end":{"line":12,"column":69}},"8":{"start":{"line":16,"column":4},"end":{"line":37,"column":9}},"9":{"start":{"line":17,"column":20},"end":{"line":30,"column":8}},"10":{"start":{"line":24,"column":18},"end":{"line":24,"column":29}},"11":{"start":{"line":25,"column":8},"end":{"line":29,"column":108}},"12":{"start":{"line":29,"column":20},"end":{"line":29,"column":106}},"13":{"start":{"line":32,"column":8},"end":{"line":32,"column":47}},"14":{"start":{"line":33,"column":8},"end":{"line":35,"column":9}},"15":{"start":{"line":34,"column":10},"end":{"line":34,"column":70}},"16":{"start":{"line":36,"column":8},"end":{"line":36,"column":79}},"17":{"start":{"line":45,"column":4},"end":{"line":62,"column":82}},"18":{"start":{"line":61,"column":17},"end":{"line":61,"column":36}},"19":{"start":{"line":62,"column":20},"end":{"line":62,"column":67}},"20":{"start":{"line":62,"column":68},"end":{"line":62,"column":78}},"21":{"start":{"line":67,"column":4},"end":{"line":73,"column":5}},"22":{"start":{"line":68,"column":6},"end":{"line":68,"column":47}},"23":{"start":{"line":69,"column":11},"end":{"line":73,"column":5}},"24":{"start":{"line":70,"column":6},"end":{"line":70,"column":102}},"25":{"start":{"line":72,"column":6},"end":{"line":72,"column":39}},"26":{"start":{"line":75,"column":4},"end":{"line":92,"column":77}},"27":{"start":{"line":76,"column":6},"end":{"line":90,"column":8}},"28":{"start":{"line":87,"column":8},"end":{"line":87,"column":47}},"29":{"start":{"line":87,"column":35},"end":{"line":87,"column":47}},"30":{"start":{"line":88,"column":18},"end":{"line":88,"column":29}},"31":{"start":{"line":89,"column":8},"end":{"line":89,"column":121}},"32":{"start":{"line":92,"column":20},"end":{"line":92,"column":62}},"33":{"start":{"line":92,"column":63},"end":{"line":92,"column":73}},"34":{"start":{"line":96,"column":4},"end":{"line":100,"column":85}},"35":{"start":{"line":100,"column":20},"end":{"line":100,"column":70}},"36":{"start":{"line":100,"column":71},"end":{"line":100,"column":81}},"37":{"start":{"line":104,"column":4},"end":{"line":109,"column":75}},"38":{"start":{"line":108,"column":17},"end":{"line":108,"column":84}},"39":{"start":{"line":109,"column":20},"end":{"line":109,"column":60}},"40":{"start":{"line":109,"column":61},"end":{"line":109,"column":71}},"41":{"start":{"line":113,"column":4},"end":{"line":138,"column":82}},"42":{"start":{"line":122,"column":6},"end":{"line":122,"column":40}},"43":{"start":{"line":122,"column":28},"end":{"line":122,"column":40}},"44":{"start":{"line":123,"column":16},"end":{"line":123,"column":27}},"45":{"start":{"line":124,"column":6},"end":{"line":136,"column":8}},"46":{"start":{"line":138,"column":20},"end":{"line":138,"column":67}},"47":{"start":{"line":138,"column":68},"end":{"line":138,"column":78}},"48":{"start":{"line":142,"column":18},"end":{"line":142,"column":28}},"49":{"start":{"line":143,"column":16},"end":{"line":143,"column":67}},"50":{"start":{"line":145,"column":4},"end":{"line":165,"column":79}},"51":{"start":{"line":150,"column":6},"end":{"line":155,"column":7}},"52":{"start":{"line":151,"column":20},"end":{"line":151,"column":33}},"53":{"start":{"line":152,"column":8},"end":{"line":154,"column":9}},"54":{"start":{"line":153,"column":10},"end":{"line":153,"column":40}},"55":{"start":{"line":156,"column":6},"end":{"line":163,"column":40}},"56":{"start":{"line":163,"column":19},"end":{"line":163,"column":38}},"57":{"start":{"line":165,"column":20},"end":{"line":165,"column":64}},"58":{"start":{"line":165,"column":65},"end":{"line":165,"column":75}},"59":{"start":{"line":169,"column":4},"end":{"line":182,"column":79}},"60":{"start":{"line":174,"column":6},"end":{"line":174,"column":40}},"61":{"start":{"line":174,"column":28},"end":{"line":174,"column":40}},"62":{"start":{"line":175,"column":18},"end":{"line":175,"column":29}},"63":{"start":{"line":176,"column":6},"end":{"line":180,"column":8}},"64":{"start":{"line":182,"column":20},"end":{"line":182,"column":64}},"65":{"start":{"line":182,"column":65},"end":{"line":182,"column":75}},"66":{"start":{"line":186,"column":4},"end":{"line":199,"column":85}},"67":{"start":{"line":194,"column":6},"end":{"line":194,"column":40}},"68":{"start":{"line":194,"column":28},"end":{"line":194,"column":40}},"69":{"start":{"line":195,"column":18},"end":{"line":195,"column":29}},"70":{"start":{"line":196,"column":6},"end":{"line":196,"column":101}},"71":{"start":{"line":196,"column":89},"end":{"line":196,"column":101}},"72":{"start":{"line":197,"column":6},"end":{"line":197,"column":23}},"73":{"start":{"line":199,"column":20},"end":{"line":199,"column":70}},"74":{"start":{"line":199,"column":71},"end":{"line":199,"column":81}},"75":{"start":{"line":203,"column":4},"end":{"line":224,"column":81}},"76":{"start":{"line":212,"column":6},"end":{"line":212,"column":40}},"77":{"start":{"line":212,"column":28},"end":{"line":212,"column":40}},"78":{"start":{"line":213,"column":16},"end":{"line":213,"column":27}},"79":{"start":{"line":214,"column":6},"end":{"line":222,"column":8}},"80":{"start":{"line":224,"column":20},"end":{"line":224,"column":66}},"81":{"start":{"line":224,"column":67},"end":{"line":224,"column":77}},"82":{"start":{"line":229,"column":0},"end":{"line":229,"column":32}}},"fnMap":{"0":{"name":"(anonymous_0)","decl":{"start":{"line":7,"column":2},"end":{"line":7,"column":3}},"loc":{"start":{"line":7,"column":18},"end":{"line":13,"column":3}},"line":7},"1":{"name":"(anonymous_1)","decl":{"start":{"line":11,"column":10},"end":{"line":11,"column":11}},"loc":{"start":{"line":11,"column":17},"end":{"line":11,"column":122}},"line":11},"2":{"name":"(anonymous_2)","decl":{"start":{"line":11,"column":30},"end":{"line":11,"column":31}},"loc":{"start":{"line":11,"column":35},"end":{"line":11,"column":121}},"line":11},"3":{"name":"(anonymous_3)","decl":{"start":{"line":12,"column":11},"end":{"line":12,"column":12}},"loc":{"start":{"line":12,"column":18},"end":{"line":12,"column":71}},"line":12},"4":{"name":"(anonymous_4)","decl":{"start":{"line":15,"column":2},"end":{"line":15,"column":3}},"loc":{"start":{"line":15,"column":78},"end":{"line":38,"column":3}},"line":15},"5":{"name":"(anonymous_5)","decl":{"start":{"line":17,"column":12},"end":{"line":17,"column":13}},"loc":{"start":{"line":17,"column":20},"end":{"line":30,"column":8}},"line":17},"6":{"name":"(anonymous_6)","decl":{"start":{"line":23,"column":12},"end":{"line":23,"column":13}},"loc":{"start":{"line":23,"column":19},"end":{"line":30,"column":7}},"line":23},"7":{"name":"(anonymous_7)","decl":{"start":{"line":29,"column":14},"end":{"line":29,"column":15}},"loc":{"start":{"line":29,"column":20},"end":{"line":29,"column":106}},"line":29},"8":{"name":"(anonymous_8)","decl":{"start":{"line":31,"column":13},"end":{"line":31,"column":14}},"loc":{"start":{"line":31,"column":22},"end":{"line":37,"column":7}},"line":31},"9":{"name":"(anonymous_9)","decl":{"start":{"line":40,"column":2},"end":{"line":40,"column":3}},"loc":{"start":{"line":44,"column":5},"end":{"line":63,"column":3}},"line":44},"10":{"name":"(anonymous_10)","decl":{"start":{"line":61,"column":10},"end":{"line":61,"column":11}},"loc":{"start":{"line":61,"column":17},"end":{"line":61,"column":36}},"line":61},"11":{"name":"(anonymous_11)","decl":{"start":{"line":62,"column":11},"end":{"line":62,"column":12}},"loc":{"start":{"line":62,"column":18},"end":{"line":62,"column":80}},"line":62},"12":{"name":"(anonymous_12)","decl":{"start":{"line":65,"column":2},"end":{"line":65,"column":3}},"loc":{"start":{"line":65,"column":112},"end":{"line":93,"column":3}},"line":65},"13":{"name":"(anonymous_13)","decl":{"start":{"line":75,"column":25},"end":{"line":75,"column":26}},"loc":{"start":{"line":76,"column":6},"end":{"line":90,"column":8}},"line":76},"14":{"name":"(anonymous_14)","decl":{"start":{"line":86,"column":12},"end":{"line":86,"column":13}},"loc":{"start":{"line":86,"column":19},"end":{"line":90,"column":7}},"line":86},"15":{"name":"(anonymous_15)","decl":{"start":{"line":92,"column":11},"end":{"line":92,"column":12}},"loc":{"start":{"line":92,"column":18},"end":{"line":92,"column":75}},"line":92},"16":{"name":"(anonymous_16)","decl":{"start":{"line":95,"column":2},"end":{"line":95,"column":3}},"loc":{"start":{"line":95,"column":54},"end":{"line":101,"column":3}},"line":95},"17":{"name":"(anonymous_17)","decl":{"start":{"line":100,"column":11},"end":{"line":100,"column":12}},"loc":{"start":{"line":100,"column":18},"end":{"line":100,"column":83}},"line":100},"18":{"name":"(anonymous_18)","decl":{"start":{"line":103,"column":2},"end":{"line":103,"column":3}},"loc":{"start":{"line":103,"column":30},"end":{"line":110,"column":3}},"line":103},"19":{"name":"(anonymous_19)","decl":{"start":{"line":108,"column":10},"end":{"line":108,"column":11}},"loc":{"start":{"line":108,"column":17},"end":{"line":108,"column":84}},"line":108},"20":{"name":"(anonymous_20)","decl":{"start":{"line":109,"column":11},"end":{"line":109,"column":12}},"loc":{"start":{"line":109,"column":18},"end":{"line":109,"column":73}},"line":109},"21":{"name":"(anonymous_21)","decl":{"start":{"line":112,"column":2},"end":{"line":112,"column":3}},"loc":{"start":{"line":112,"column":33},"end":{"line":139,"column":3}},"line":112},"22":{"name":"(anonymous_22)","decl":{"start":{"line":121,"column":10},"end":{"line":121,"column":11}},"loc":{"start":{"line":121,"column":17},"end":{"line":137,"column":5}},"line":121},"23":{"name":"(anonymous_23)","decl":{"start":{"line":138,"column":11},"end":{"line":138,"column":12}},"loc":{"start":{"line":138,"column":18},"end":{"line":138,"column":80}},"line":138},"24":{"name":"(anonymous_24)","decl":{"start":{"line":141,"column":2},"end":{"line":141,"column":3}},"loc":{"start":{"line":141,"column":58},"end":{"line":166,"column":3}},"line":141},"25":{"name":"(anonymous_25)","decl":{"start":{"line":149,"column":10},"end":{"line":149,"column":11}},"loc":{"start":{"line":149,"column":19},"end":{"line":164,"column":5}},"line":149},"26":{"name":"(anonymous_26)","decl":{"start":{"line":163,"column":12},"end":{"line":163,"column":13}},"loc":{"start":{"line":163,"column":19},"end":{"line":163,"column":38}},"line":163},"27":{"name":"(anonymous_27)","decl":{"start":{"line":165,"column":11},"end":{"line":165,"column":12}},"loc":{"start":{"line":165,"column":18},"end":{"line":165,"column":77}},"line":165},"28":{"name":"(anonymous_28)","decl":{"start":{"line":168,"column":2},"end":{"line":168,"column":3}},"loc":{"start":{"line":168,"column":34},"end":{"line":183,"column":3}},"line":168},"29":{"name":"(anonymous_29)","decl":{"start":{"line":173,"column":10},"end":{"line":173,"column":11}},"loc":{"start":{"line":173,"column":17},"end":{"line":181,"column":5}},"line":173},"30":{"name":"(anonymous_30)","decl":{"start":{"line":182,"column":11},"end":{"line":182,"column":12}},"loc":{"start":{"line":182,"column":18},"end":{"line":182,"column":77}},"line":182},"31":{"name":"(anonymous_31)","decl":{"start":{"line":185,"column":2},"end":{"line":185,"column":3}},"loc":{"start":{"line":185,"column":36},"end":{"line":200,"column":3}},"line":185},"32":{"name":"(anonymous_32)","decl":{"start":{"line":193,"column":10},"end":{"line":193,"column":11}},"loc":{"start":{"line":193,"column":17},"end":{"line":198,"column":5}},"line":193},"33":{"name":"(anonymous_33)","decl":{"start":{"line":199,"column":11},"end":{"line":199,"column":12}},"loc":{"start":{"line":199,"column":18},"end":{"line":199,"column":83}},"line":199},"34":{"name":"(anonymous_34)","decl":{"start":{"line":202,"column":2},"end":{"line":202,"column":3}},"loc":{"start":{"line":202,"column":31},"end":{"line":225,"column":3}},"line":202},"35":{"name":"(anonymous_35)","decl":{"start":{"line":211,"column":10},"end":{"line":211,"column":11}},"loc":{"start":{"line":211,"column":17},"end":{"line":223,"column":5}},"line":211},"36":{"name":"(anonymous_36)","decl":{"start":{"line":224,"column":11},"end":{"line":224,"column":12}},"loc":{"start":{"line":224,"column":18},"end":{"line":224,"column":79}},"line":224}},"branchMap":{"0":{"loc":{"start":{"line":33,"column":8},"end":{"line":35,"column":9}},"type":"if","locations":[{"start":{"line":33,"column":8},"end":{"line":35,"column":9}},{"start":{},"end":{}}],"line":33},"1":{"loc":{"start":{"line":33,"column":12},"end":{"line":33,"column":85}},"type":"binary-expr","locations":[{"start":{"line":33,"column":12},"end":{"line":33,"column":34}},{"start":{"line":33,"column":38},"end":{"line":33,"column":50}},{"start":{"line":33,"column":54},"end":{"line":33,"column":85}}],"line":33},"2":{"loc":{"start":{"line":36,"column":24},"end":{"line":36,"column":77}},"type":"binary-expr","locations":[{"start":{"line":36,"column":24},"end":{"line":36,"column":37}},{"start":{"line":36,"column":41},"end":{"line":36,"column":77}}],"line":36},"3":{"loc":{"start":{"line":41,"column":4},"end":{"line":41,"column":24}},"type":"default-arg","locations":[{"start":{"line":41,"column":20},"end":{"line":41,"column":24}}],"line":41},"4":{"loc":{"start":{"line":41,"column":26},"end":{"line":41,"column":44}},"type":"default-arg","locations":[{"start":{"line":41,"column":40},"end":{"line":41,"column":44}}],"line":41},"5":{"loc":{"start":{"line":41,"column":46},"end":{"line":41,"column":63}},"type":"default-arg","locations":[{"start":{"line":41,"column":59},"end":{"line":41,"column":63}}],"line":41},"6":{"loc":{"start":{"line":42,"column":4},"end":{"line":42,"column":16}},"type":"default-arg","locations":[{"start":{"line":42,"column":12},"end":{"line":42,"column":16}}],"line":42},"7":{"loc":{"start":{"line":42,"column":18},"end":{"line":42,"column":31}},"type":"default-arg","locations":[{"start":{"line":42,"column":27},"end":{"line":42,"column":31}}],"line":42},"8":{"loc":{"start":{"line":42,"column":33},"end":{"line":42,"column":43}},"type":"default-arg","locations":[{"start":{"line":42,"column":39},"end":{"line":42,"column":43}}],"line":42},"9":{"loc":{"start":{"line":42,"column":45},"end":{"line":42,"column":63}},"type":"default-arg","locations":[{"start":{"line":42,"column":59},"end":{"line":42,"column":63}}],"line":42},"10":{"loc":{"start":{"line":43,"column":4},"end":{"line":43,"column":22}},"type":"default-arg","locations":[{"start":{"line":43,"column":18},"end":{"line":43,"column":22}}],"line":43},"11":{"loc":{"start":{"line":43,"column":24},"end":{"line":43,"column":42}},"type":"default-arg","locations":[{"start":{"line":43,"column":38},"end":{"line":43,"column":42}}],"line":43},"12":{"loc":{"start":{"line":43,"column":44},"end":{"line":43,"column":59}},"type":"default-arg","locations":[{"start":{"line":43,"column":55},"end":{"line":43,"column":59}}],"line":43},"13":{"loc":{"start":{"line":61,"column":17},"end":{"line":61,"column":36}},"type":"binary-expr","locations":[{"start":{"line":61,"column":17},"end":{"line":61,"column":28}},{"start":{"line":61,"column":32},"end":{"line":61,"column":36}}],"line":61},"14":{"loc":{"start":{"line":67,"column":4},"end":{"line":73,"column":5}},"type":"if","locations":[{"start":{"line":67,"column":4},"end":{"line":73,"column":5}},{"start":{"line":69,"column":11},"end":{"line":73,"column":5}}],"line":67},"15":{"loc":{"start":{"line":69,"column":11},"end":{"line":73,"column":5}},"type":"if","locations":[{"start":{"line":69,"column":11},"end":{"line":73,"column":5}},{"start":{"line":71,"column":11},"end":{"line":73,"column":5}}],"line":69},"16":{"loc":{"start":{"line":70,"column":17},"end":{"line":70,"column":101}},"type":"cond-expr","locations":[{"start":{"line":70,"column":48},"end":{"line":70,"column":73}},{"start":{"line":70,"column":76},"end":{"line":70,"column":101}}],"line":70},"17":{"loc":{"start":{"line":87,"column":8},"end":{"line":87,"column":47}},"type":"if","locations":[{"start":{"line":87,"column":8},"end":{"line":87,"column":47}},{"start":{},"end":{}}],"line":87},"18":{"loc":{"start":{"line":89,"column":43},"end":{"line":89,"column":66}},"type":"binary-expr","locations":[{"start":{"line":89,"column":43},"end":{"line":89,"column":52}},{"start":{"line":89,"column":56},"end":{"line":89,"column":66}}],"line":89},"19":{"loc":{"start":{"line":108,"column":17},"end":{"line":108,"column":84}},"type":"cond-expr","locations":[{"start":{"line":108,"column":35},"end":{"line":108,"column":77}},{"start":{"line":108,"column":80},"end":{"line":108,"column":84}}],"line":108},"20":{"loc":{"start":{"line":122,"column":6},"end":{"line":122,"column":40}},"type":"if","locations":[{"start":{"line":122,"column":6},"end":{"line":122,"column":40}},{"start":{},"end":{}}],"line":122},"21":{"loc":{"start":{"line":134,"column":25},"end":{"line":134,"column":55}},"type":"binary-expr","locations":[{"start":{"line":134,"column":25},"end":{"line":134,"column":50}},{"start":{"line":134,"column":54},"end":{"line":134,"column":55}}],"line":134},"22":{"loc":{"start":{"line":135,"column":23},"end":{"line":135,"column":73}},"type":"cond-expr","locations":[{"start":{"line":135,"column":41},"end":{"line":135,"column":66}},{"start":{"line":135,"column":69},"end":{"line":135,"column":73}}],"line":135},"23":{"loc":{"start":{"line":141,"column":41},"end":{"line":141,"column":56}},"type":"default-arg","locations":[{"start":{"line":141,"column":52},"end":{"line":141,"column":56}}],"line":141},"24":{"loc":{"start":{"line":143,"column":16},"end":{"line":143,"column":67}},"type":"binary-expr","locations":[{"start":{"line":143,"column":16},"end":{"line":143,"column":26}},{"start":{"line":143,"column":30},"end":{"line":143,"column":67}}],"line":143},"25":{"loc":{"start":{"line":150,"column":6},"end":{"line":155,"column":7}},"type":"if","locations":[{"start":{"line":150,"column":6},"end":{"line":155,"column":7}},{"start":{},"end":{}}],"line":150},"26":{"loc":{"start":{"line":152,"column":8},"end":{"line":154,"column":9}},"type":"if","locations":[{"start":{"line":152,"column":8},"end":{"line":154,"column":9}},{"start":{},"end":{}}],"line":152},"27":{"loc":{"start":{"line":152,"column":12},"end":{"line":152,"column":89}},"type":"binary-expr","locations":[{"start":{"line":152,"column":12},"end":{"line":152,"column":29}},{"start":{"line":152,"column":33},"end":{"line":152,"column":50}},{"start":{"line":152,"column":54},"end":{"line":152,"column":89}}],"line":152},"28":{"loc":{"start":{"line":163,"column":19},"end":{"line":163,"column":38}},"type":"binary-expr","locations":[{"start":{"line":163,"column":19},"end":{"line":163,"column":30}},{"start":{"line":163,"column":34},"end":{"line":163,"column":38}}],"line":163},"29":{"loc":{"start":{"line":174,"column":6},"end":{"line":174,"column":40}},"type":"if","locations":[{"start":{"line":174,"column":6},"end":{"line":174,"column":40}},{"start":{},"end":{}}],"line":174},"30":{"loc":{"start":{"line":178,"column":23},"end":{"line":178,"column":77}},"type":"cond-expr","locations":[{"start":{"line":178,"column":43},"end":{"line":178,"column":70}},{"start":{"line":178,"column":73},"end":{"line":178,"column":77}}],"line":178},"31":{"loc":{"start":{"line":179,"column":20},"end":{"line":179,"column":68}},"type":"cond-expr","locations":[{"start":{"line":179,"column":37},"end":{"line":179,"column":61}},{"start":{"line":179,"column":64},"end":{"line":179,"column":68}}],"line":179},"32":{"loc":{"start":{"line":194,"column":6},"end":{"line":194,"column":40}},"type":"if","locations":[{"start":{"line":194,"column":6},"end":{"line":194,"column":40}},{"start":{},"end":{}}],"line":194},"33":{"loc":{"start":{"line":196,"column":6},"end":{"line":196,"column":101}},"type":"if","locations":[{"start":{"line":196,"column":6},"end":{"line":196,"column":101}},{"start":{},"end":{}}],"line":196},"34":{"loc":{"start":{"line":196,"column":10},"end":{"line":196,"column":87}},"type":"binary-expr","locations":[{"start":{"line":196,"column":10},"end":{"line":196,"column":20}},{"start":{"line":196,"column":25},"end":{"line":196,"column":42}},{"start":{"line":196,"column":46},"end":{"line":196,"column":86}}],"line":196},"35":{"loc":{"start":{"line":212,"column":6},"end":{"line":212,"column":40}},"type":"if","locations":[{"start":{"line":212,"column":6},"end":{"line":212,"column":40}},{"start":{},"end":{}}],"line":212},"36":{"loc":{"start":{"line":219,"column":23},"end":{"line":219,"column":73}},"type":"cond-expr","locations":[{"start":{"line":219,"column":41},"end":{"line":219,"column":66}},{"start":{"line":219,"column":69},"end":{"line":219,"column":73}}],"line":219},"37":{"loc":{"start":{"line":220,"column":23},"end":{"line":220,"column":73}},"type":"cond-expr","locations":[{"start":{"line":220,"column":41},"end":{"line":220,"column":66}},{"start":{"line":220,"column":69},"end":{"line":220,"column":73}}],"line":220},"38":{"loc":{"start":{"line":221,"column":20},"end":{"line":221,"column":64}},"type":"cond-expr","locations":[{"start":{"line":221,"column":35},"end":{"line":221,"column":57}},{"start":{"line":221,"column":60},"end":{"line":221,"column":64}}],"line":221}},"s":{"0":2,"1":2,"2":2,"3":2,"4":1,"5":1,"6":1,"7":1,"8":3,"9":3,"10":1,"11":1,"12":1,"13":2,"14":2,"15":1,"16":1,"17":2,"18":1,"19":1,"20":1,"21":3,"22":0,"23":3,"24":1,"25":2,"26":3,"27":3,"28":3,"29":1,"30":2,"31":2,"32":0,"33":0,"34":2,"35":1,"36":1,"37":3,"38":2,"39":1,"40":1,"41":2,"42":2,"43":1,"44":1,"45":1,"46":0,"47":0,"48":3,"49":3,"50":3,"51":2,"52":1,"53":1,"54":1,"55":1,"56":1,"57":1,"58":1,"59":2,"60":2,"61":1,"62":1,"63":1,"64":0,"65":0,"66":2,"67":2,"68":0,"69":2,"70":2,"71":1,"72":1,"73":0,"74":0,"75":2,"76":2,"77":1,"78":1,"79":1,"80":0,"81":0,"82":2},"f":{"0":2,"1":1,"2":1,"3":1,"4":3,"5":3,"6":1,"7":1,"8":2,"9":2,"10":1,"11":1,"12":3,"13":3,"14":3,"15":0,"16":2,"17":1,"18":3,"19":2,"20":1,"21":2,"22":2,"23":0,"24":3,"25":2,"26":1,"27":1,"28":2,"29":2,"30":0,"31":2,"32":2,"33":0,"34":2,"35":2,"36":0},"b":{"0":[1,1],"1":[2,1,1],"2":[1,0],"3":[1],"4":[2],"5":[2],"6":[2],"7":[2],"8":[2],"9":[2],"10":[2],"11":[2],"12":[2],"13":[1,0],"14":[0,3],"15":[1,2],"16":[0,1],"17":[1,2],"18":[2,1],"19":[1,1],"20":[1,1],"21":[1,1],"22":[0,1],"23":[3],"24":[3,3],"25":[1,1],"26":[1,0],"27":[1,1,1],"28":[1,0],"29":[1,1],"30":[1,0],"31":[1,0],"32":[0,2],"33":[1,1],"34":[2,2,2],"35":[1,1],"36":[1,0],"37":[1,0],"38":[1,0]},"_coverageSchema":"1a1c01bbd47fc00a2c39e90264f33305004495a9","hash":"6ab28d6e6d0f46d667ad931115503b615469e8d7"}
,"C:\\Users\\eliza\\Documents\\GitHub\\appwebpro-backend\\src\\domain\\usuario.js": {"path":"C:\\Users\\eliza\\Documents\\GitHub\\appwebpro-backend\\src\\domain\\usuario.js","statementMap":{"0":{"start":{"line":3,"column":4},"end":{"line":3,"column":17}},"1":{"start":{"line":4,"column":4},"end":{"line":4,"column":25}},"2":{"start":{"line":5,"column":4},"end":{"line":5,"column":29}},"3":{"start":{"line":6,"column":4},"end":{"line":6,"column":19}},"4":{"start":{"line":7,"column":4},"end":{"line":7,"column":25}},"5":{"start":{"line":8,"column":4},"end":{"line":8,"column":25}},"6":{"start":{"line":9,"column":4},"end":{"line":9,"column":19}},"7":{"start":{"line":10,"column":4},"end":{"line":10,"column":19}},"8":{"start":{"line":11,"column":4},"end":{"line":11,"column":29}},"9":{"start":{"line":15,"column":0},"end":{"line":15,"column":25}}},"fnMap":{"0":{"name":"(anonymous_0)","decl":{"start":{"line":2,"column":2},"end":{"line":2,"column":3}},"loc":{"start":{"line":2,"column":104},"end":{"line":12,"column":3}},"line":2}},"branchMap":{},"s":{"0":5,"1":5,"2":5,"3":5,"4":5,"5":5,"6":5,"7":5,"8":5,"9":2},"f":{"0":5},"b":{},"_coverageSchema":"1a1c01bbd47fc00a2c39e90264f33305004495a9","hash":"2302204449586502354ec3a5df103587fd12ba03"}
,"C:\\Users\\eliza\\Documents\\GitHub\\appwebpro-backend\\src\\infrastructure\\db\\index.js": {"path":"C:\\Users\\eliza\\Documents\\GitHub\\appwebpro-backend\\src\\infrastructure\\db\\index.js","statementMap":{"0":{"start":{"line":1,"column":0},"end":{"line":1,"column":27}},"1":{"start":{"line":3,"column":17},"end":{"line":3,"column":30}},"2":{"start":{"line":5,"column":13},"end":{"line":11,"column":2}},"3":{"start":{"line":13,"column":0},"end":{"line":13,"column":93}},"4":{"start":{"line":15,"column":0},"end":{"line":15,"column":22}}},"fnMap":{},"branchMap":{"0":{"loc":{"start":{"line":10,"column":8},"end":{"line":10,"column":43}},"type":"binary-expr","locations":[{"start":{"line":10,"column":8},"end":{"line":10,"column":35}},{"start":{"line":10,"column":39},"end":{"line":10,"column":43}}],"line":10}},"s":{"0":1,"1":1,"2":1,"3":1,"4":1},"f":{},"b":{"0":[1,0]},"_coverageSchema":"1a1c01bbd47fc00a2c39e90264f33305004495a9","hash":"2fdbee50560b360bb123039ebf27299acf0d1a38"}
,"C:\\Users\\eliza\\Documents\\GitHub\\appwebpro-backend\\src\\interfaces\\controllers\\usuarioController.js": {"path":"C:\\Users\\eliza\\Documents\\GitHub\\appwebpro-backend\\src\\interfaces\\controllers\\usuarioController.js","statementMap":{"0":{"start":{"line":1,"column":23},"end":{"line":1,"column":66}},"1":{"start":{"line":2,"column":15},"end":{"line":2,"column":32}},"2":{"start":{"line":4,"column":22},"end":{"line":4,"column":72}},"3":{"start":{"line":5,"column":20},"end":{"line":5,"column":73}},"4":{"start":{"line":6,"column":20},"end":{"line":6,"column":48}},"5":{"start":{"line":8,"column":24},"end":{"line":12,"column":1}},"6":{"start":{"line":9,"column":2},"end":{"line":9,"column":30}},"7":{"start":{"line":9,"column":17},"end":{"line":9,"column":30}},"8":{"start":{"line":10,"column":2},"end":{"line":10,"column":49}},"9":{"start":{"line":11,"column":2},"end":{"line":11,"column":39}},"10":{"start":{"line":15,"column":23},"end":{"line":31,"column":1}},"11":{"start":{"line":16,"column":2},"end":{"line":30,"column":8}},"12":{"start":{"line":18,"column":6},"end":{"line":24,"column":9}},"13":{"start":{"line":26,"column":20},"end":{"line":30,"column":6}},"14":{"start":{"line":34,"column":21},"end":{"line":75,"column":1}},"15":{"start":{"line":35,"column":70},"end":{"line":35,"column":78}},"16":{"start":{"line":37,"column":2},"end":{"line":37,"column":26}},"17":{"start":{"line":38,"column":2},"end":{"line":38,"column":26}},"18":{"start":{"line":39,"column":2},"end":{"line":39,"column":20}},"19":{"start":{"line":40,"column":2},"end":{"line":40,"column":20}},"20":{"start":{"line":41,"column":2},"end":{"line":41,"column":30}},"21":{"start":{"line":43,"column":18},"end":{"line":43,"column":20}},"22":{"start":{"line":45,"column":2},"end":{"line":45,"column":53}},"23":{"start":{"line":45,"column":15},"end":{"line":45,"column":53}},"24":{"start":{"line":46,"column":2},"end":{"line":46,"column":59}},"25":{"start":{"line":46,"column":17},"end":{"line":46,"column":59}},"26":{"start":{"line":47,"column":2},"end":{"line":47,"column":47}},"27":{"start":{"line":47,"column":12},"end":{"line":47,"column":47}},"28":{"start":{"line":48,"column":2},"end":{"line":48,"column":53}},"29":{"start":{"line":48,"column":15},"end":{"line":48,"column":53}},"30":{"start":{"line":49,"column":2},"end":{"line":49,"column":53}},"31":{"start":{"line":49,"column":15},"end":{"line":49,"column":53}},"32":{"start":{"line":50,"column":2},"end":{"line":50,"column":57}},"33":{"start":{"line":50,"column":17},"end":{"line":50,"column":57}},"34":{"start":{"line":52,"column":2},"end":{"line":52,"column":82}},"35":{"start":{"line":52,"column":43},"end":{"line":52,"column":82}},"36":{"start":{"line":53,"column":2},"end":{"line":53,"column":146}},"37":{"start":{"line":53,"column":46},"end":{"line":53,"column":146}},"38":{"start":{"line":54,"column":2},"end":{"line":54,"column":168}},"39":{"start":{"line":54,"column":49},"end":{"line":54,"column":168}},"40":{"start":{"line":55,"column":2},"end":{"line":55,"column":107}},"41":{"start":{"line":55,"column":43},"end":{"line":55,"column":107}},"42":{"start":{"line":56,"column":2},"end":{"line":56,"column":111}},"43":{"start":{"line":56,"column":37},"end":{"line":56,"column":111}},"44":{"start":{"line":57,"column":2},"end":{"line":57,"column":111}},"45":{"start":{"line":57,"column":37},"end":{"line":57,"column":111}},"46":{"start":{"line":59,"column":2},"end":{"line":59,"column":87}},"47":{"start":{"line":59,"column":38},"end":{"line":59,"column":87}},"48":{"start":{"line":60,"column":2},"end":{"line":60,"column":96}},"49":{"start":{"line":60,"column":44},"end":{"line":60,"column":96}},"50":{"start":{"line":62,"column":2},"end":{"line":64,"column":3}},"51":{"start":{"line":63,"column":4},"end":{"line":63,"column":90}},"52":{"start":{"line":66,"column":2},"end":{"line":74,"column":7}},"53":{"start":{"line":67,"column":18},"end":{"line":67,"column":107}},"54":{"start":{"line":68,"column":26},"end":{"line":68,"column":121}},"55":{"start":{"line":70,"column":6},"end":{"line":72,"column":7}},"56":{"start":{"line":71,"column":8},"end":{"line":71,"column":104}},"57":{"start":{"line":73,"column":6},"end":{"line":73,"column":101}},"58":{"start":{"line":78,"column":24},"end":{"line":93,"column":1}},"59":{"start":{"line":79,"column":21},"end":{"line":79,"column":29}},"60":{"start":{"line":80,"column":18},"end":{"line":80,"column":20}},"61":{"start":{"line":82,"column":2},"end":{"line":83,"column":91}},"62":{"start":{"line":82,"column":15},"end":{"line":82,"column":79}},"63":{"start":{"line":83,"column":7},"end":{"line":83,"column":91}},"64":{"start":{"line":83,"column":38},"end":{"line":83,"column":91}},"65":{"start":{"line":85,"column":2},"end":{"line":85,"column":112}},"66":{"start":{"line":85,"column":26},"end":{"line":85,"column":112}},"67":{"start":{"line":87,"column":2},"end":{"line":92,"column":119}},"68":{"start":{"line":89,"column":6},"end":{"line":89,"column":127}},"69":{"start":{"line":89,"column":29},"end":{"line":89,"column":127}},"70":{"start":{"line":90,"column":6},"end":{"line":90,"column":109}},"71":{"start":{"line":92,"column":20},"end":{"line":92,"column":117}},"72":{"start":{"line":96,"column":26},"end":{"line":141,"column":1}},"73":{"start":{"line":97,"column":70},"end":{"line":97,"column":78}},"74":{"start":{"line":99,"column":2},"end":{"line":99,"column":26}},"75":{"start":{"line":100,"column":2},"end":{"line":100,"column":26}},"76":{"start":{"line":101,"column":2},"end":{"line":101,"column":20}},"77":{"start":{"line":102,"column":2},"end":{"line":102,"column":20}},"78":{"start":{"line":103,"column":2},"end":{"line":103,"column":30}},"79":{"start":{"line":104,"column":2},"end":{"line":104,"column":20}},"80":{"start":{"line":105,"column":2},"end":{"line":105,"column":26}},"81":{"start":{"line":107,"column":2},"end":{"line":107,"column":118}},"82":{"start":{"line":107,"column":15},"end":{"line":107,"column":118}},"83":{"start":{"line":109,"column":18},"end":{"line":109,"column":20}},"84":{"start":{"line":111,"column":2},"end":{"line":111,"column":82}},"85":{"start":{"line":111,"column":43},"end":{"line":111,"column":82}},"86":{"start":{"line":112,"column":2},"end":{"line":112,"column":168}},"87":{"start":{"line":112,"column":49},"end":{"line":112,"column":168}},"88":{"start":{"line":113,"column":2},"end":{"line":113,"column":107}},"89":{"start":{"line":113,"column":43},"end":{"line":113,"column":107}},"90":{"start":{"line":114,"column":2},"end":{"line":114,"column":111}},"91":{"start":{"line":114,"column":37},"end":{"line":114,"column":111}},"92":{"start":{"line":115,"column":2},"end":{"line":115,"column":111}},"93":{"start":{"line":115,"column":37},"end":{"line":115,"column":111}},"94":{"start":{"line":116,"column":2},"end":{"line":116,"column":146}},"95":{"start":{"line":116,"column":46},"end":{"line":116,"column":146}},"96":{"start":{"line":117,"column":2},"end":{"line":117,"column":87}},"97":{"start":{"line":117,"column":38},"end":{"line":117,"column":87}},"98":{"start":{"line":118,"column":2},"end":{"line":118,"column":96}},"99":{"start":{"line":118,"column":44},"end":{"line":118,"column":96}},"100":{"start":{"line":120,"column":2},"end":{"line":120,"column":112}},"101":{"start":{"line":120,"column":26},"end":{"line":120,"column":112}},"102":{"start":{"line":122,"column":26},"end":{"line":122,"column":28}},"103":{"start":{"line":123,"column":22},"end":{"line":123,"column":129}},"104":{"start":{"line":123,"column":74},"end":{"line":123,"column":106}},"105":{"start":{"line":125,"column":2},"end":{"line":140,"column":121}},"106":{"start":{"line":127,"column":6},"end":{"line":127,"column":50}},"107":{"start":{"line":127,"column":18},"end":{"line":127,"column":50}},"108":{"start":{"line":128,"column":6},"end":{"line":128,"column":41}},"109":{"start":{"line":128,"column":15},"end":{"line":128,"column":41}},"110":{"start":{"line":129,"column":6},"end":{"line":129,"column":41}},"111":{"start":{"line":129,"column":15},"end":{"line":129,"column":41}},"112":{"start":{"line":130,"column":6},"end":{"line":130,"column":56}},"113":{"start":{"line":130,"column":20},"end":{"line":130,"column":56}},"114":{"start":{"line":131,"column":6},"end":{"line":131,"column":41}},"115":{"start":{"line":131,"column":15},"end":{"line":131,"column":41}},"116":{"start":{"line":132,"column":6},"end":{"line":132,"column":50}},"117":{"start":{"line":132,"column":18},"end":{"line":132,"column":50}},"118":{"start":{"line":134,"column":6},"end":{"line":134,"column":64}},"119":{"start":{"line":137,"column":6},"end":{"line":137,"column":129}},"120":{"start":{"line":137,"column":31},"end":{"line":137,"column":129}},"121":{"start":{"line":138,"column":6},"end":{"line":138,"column":113}},"122":{"start":{"line":140,"column":20},"end":{"line":140,"column":119}},"123":{"start":{"line":143,"column":0},"end":{"line":148,"column":2}}},"fnMap":{"0":{"name":"(anonymous_0)","decl":{"start":{"line":8,"column":24},"end":{"line":8,"column":25}},"loc":{"start":{"line":8,"column":38},"end":{"line":12,"column":1}},"line":8},"1":{"name":"(anonymous_1)","decl":{"start":{"line":15,"column":23},"end":{"line":15,"column":24}},"loc":{"start":{"line":15,"column":37},"end":{"line":31,"column":1}},"line":15},"2":{"name":"(anonymous_2)","decl":{"start":{"line":17,"column":10},"end":{"line":17,"column":11}},"loc":{"start":{"line":17,"column":22},"end":{"line":25,"column":5}},"line":17},"3":{"name":"(anonymous_3)","decl":{"start":{"line":26,"column":11},"end":{"line":26,"column":12}},"loc":{"start":{"line":26,"column":20},"end":{"line":30,"column":6}},"line":26},"4":{"name":"(anonymous_4)","decl":{"start":{"line":34,"column":21},"end":{"line":34,"column":22}},"loc":{"start":{"line":34,"column":35},"end":{"line":75,"column":1}},"line":34},"5":{"name":"(anonymous_5)","decl":{"start":{"line":67,"column":10},"end":{"line":67,"column":11}},"loc":{"start":{"line":67,"column":18},"end":{"line":67,"column":107}},"line":67},"6":{"name":"(anonymous_6)","decl":{"start":{"line":68,"column":10},"end":{"line":68,"column":11}},"loc":{"start":{"line":68,"column":26},"end":{"line":68,"column":121}},"line":68},"7":{"name":"(anonymous_7)","decl":{"start":{"line":69,"column":11},"end":{"line":69,"column":12}},"loc":{"start":{"line":69,"column":20},"end":{"line":74,"column":5}},"line":69},"8":{"name":"(anonymous_8)","decl":{"start":{"line":78,"column":24},"end":{"line":78,"column":25}},"loc":{"start":{"line":78,"column":38},"end":{"line":93,"column":1}},"line":78},"9":{"name":"(anonymous_9)","decl":{"start":{"line":88,"column":10},"end":{"line":88,"column":11}},"loc":{"start":{"line":88,"column":30},"end":{"line":91,"column":5}},"line":88},"10":{"name":"(anonymous_10)","decl":{"start":{"line":92,"column":11},"end":{"line":92,"column":12}},"loc":{"start":{"line":92,"column":20},"end":{"line":92,"column":117}},"line":92},"11":{"name":"(anonymous_11)","decl":{"start":{"line":96,"column":26},"end":{"line":96,"column":27}},"loc":{"start":{"line":96,"column":40},"end":{"line":141,"column":1}},"line":96},"12":{"name":"(anonymous_12)","decl":{"start":{"line":123,"column":64},"end":{"line":123,"column":65}},"loc":{"start":{"line":123,"column":72},"end":{"line":123,"column":108}},"line":123},"13":{"name":"(anonymous_13)","decl":{"start":{"line":126,"column":10},"end":{"line":126,"column":11}},"loc":{"start":{"line":126,"column":16},"end":{"line":135,"column":5}},"line":126},"14":{"name":"(anonymous_14)","decl":{"start":{"line":136,"column":10},"end":{"line":136,"column":11}},"loc":{"start":{"line":136,"column":32},"end":{"line":139,"column":5}},"line":136},"15":{"name":"(anonymous_15)","decl":{"start":{"line":140,"column":11},"end":{"line":140,"column":12}},"loc":{"start":{"line":140,"column":20},"end":{"line":140,"column":119}},"line":140}},"branchMap":{"0":{"loc":{"start":{"line":9,"column":2},"end":{"line":9,"column":30}},"type":"if","locations":[{"start":{"line":9,"column":2},"end":{"line":9,"column":30}},{"start":{},"end":{}}],"line":9},"1":{"loc":{"start":{"line":21,"column":15},"end":{"line":21,"column":41}},"type":"binary-expr","locations":[{"start":{"line":21,"column":15},"end":{"line":21,"column":33}},{"start":{"line":21,"column":37},"end":{"line":21,"column":41}}],"line":21},"2":{"loc":{"start":{"line":22,"column":29},"end":{"line":22,"column":58}},"type":"binary-expr","locations":[{"start":{"line":22,"column":29},"end":{"line":22,"column":50}},{"start":{"line":22,"column":54},"end":{"line":22,"column":58}}],"line":22},"3":{"loc":{"start":{"line":45,"column":2},"end":{"line":45,"column":53}},"type":"if","locations":[{"start":{"line":45,"column":2},"end":{"line":45,"column":53}},{"start":{},"end":{}}],"line":45},"4":{"loc":{"start":{"line":46,"column":2},"end":{"line":46,"column":59}},"type":"if","locations":[{"start":{"line":46,"column":2},"end":{"line":46,"column":59}},{"start":{},"end":{}}],"line":46},"5":{"loc":{"start":{"line":47,"column":2},"end":{"line":47,"column":47}},"type":"if","locations":[{"start":{"line":47,"column":2},"end":{"line":47,"column":47}},{"start":{},"end":{}}],"line":47},"6":{"loc":{"start":{"line":48,"column":2},"end":{"line":48,"column":53}},"type":"if","locations":[{"start":{"line":48,"column":2},"end":{"line":48,"column":53}},{"start":{},"end":{}}],"line":48},"7":{"loc":{"start":{"line":49,"column":2},"end":{"line":49,"column":53}},"type":"if","locations":[{"start":{"line":49,"column":2},"end":{"line":49,"column":53}},{"start":{},"end":{}}],"line":49},"8":{"loc":{"start":{"line":50,"column":2},"end":{"line":50,"column":57}},"type":"if","locations":[{"start":{"line":50,"column":2},"end":{"line":50,"column":57}},{"start":{},"end":{}}],"line":50},"9":{"loc":{"start":{"line":52,"column":2},"end":{"line":52,"column":82}},"type":"if","locations":[{"start":{"line":52,"column":2},"end":{"line":52,"column":82}},{"start":{},"end":{}}],"line":52},"10":{"loc":{"start":{"line":52,"column":6},"end":{"line":52,"column":41}},"type":"binary-expr","locations":[{"start":{"line":52,"column":6},"end":{"line":52,"column":12}},{"start":{"line":52,"column":16},"end":{"line":52,"column":41}}],"line":52},"11":{"loc":{"start":{"line":53,"column":2},"end":{"line":53,"column":146}},"type":"if","locations":[{"start":{"line":53,"column":2},"end":{"line":53,"column":146}},{"start":{},"end":{}}],"line":53},"12":{"loc":{"start":{"line":53,"column":6},"end":{"line":53,"column":44}},"type":"binary-expr","locations":[{"start":{"line":53,"column":6},"end":{"line":53,"column":14}},{"start":{"line":53,"column":18},"end":{"line":53,"column":44}}],"line":53},"13":{"loc":{"start":{"line":54,"column":2},"end":{"line":54,"column":168}},"type":"if","locations":[{"start":{"line":54,"column":2},"end":{"line":54,"column":168}},{"start":{},"end":{}}],"line":54},"14":{"loc":{"start":{"line":54,"column":6},"end":{"line":54,"column":47}},"type":"binary-expr","locations":[{"start":{"line":54,"column":6},"end":{"line":54,"column":14}},{"start":{"line":54,"column":18},"end":{"line":54,"column":47}}],"line":54},"15":{"loc":{"start":{"line":55,"column":2},"end":{"line":55,"column":107}},"type":"if","locations":[{"start":{"line":55,"column":2},"end":{"line":55,"column":107}},{"start":{},"end":{}}],"line":55},"16":{"loc":{"start":{"line":55,"column":6},"end":{"line":55,"column":41}},"type":"binary-expr","locations":[{"start":{"line":55,"column":6},"end":{"line":55,"column":12}},{"start":{"line":55,"column":16},"end":{"line":55,"column":41}}],"line":55},"17":{"loc":{"start":{"line":56,"column":2},"end":{"line":56,"column":111}},"type":"if","locations":[{"start":{"line":56,"column":2},"end":{"line":56,"column":111}},{"start":{},"end":{}}],"line":56},"18":{"loc":{"start":{"line":56,"column":6},"end":{"line":56,"column":35}},"type":"binary-expr","locations":[{"start":{"line":56,"column":6},"end":{"line":56,"column":9}},{"start":{"line":56,"column":13},"end":{"line":56,"column":35}}],"line":56},"19":{"loc":{"start":{"line":57,"column":2},"end":{"line":57,"column":111}},"type":"if","locations":[{"start":{"line":57,"column":2},"end":{"line":57,"column":111}},{"start":{},"end":{}}],"line":57},"20":{"loc":{"start":{"line":57,"column":6},"end":{"line":57,"column":35}},"type":"binary-expr","locations":[{"start":{"line":57,"column":6},"end":{"line":57,"column":9}},{"start":{"line":57,"column":13},"end":{"line":57,"column":35}}],"line":57},"21":{"loc":{"start":{"line":59,"column":2},"end":{"line":59,"column":87}},"type":"if","locations":[{"start":{"line":59,"column":2},"end":{"line":59,"column":87}},{"start":{},"end":{}}],"line":59},"22":{"loc":{"start":{"line":59,"column":6},"end":{"line":59,"column":36}},"type":"binary-expr","locations":[{"start":{"line":59,"column":6},"end":{"line":59,"column":9}},{"start":{"line":59,"column":13},"end":{"line":59,"column":36}}],"line":59},"23":{"loc":{"start":{"line":60,"column":2},"end":{"line":60,"column":96}},"type":"if","locations":[{"start":{"line":60,"column":2},"end":{"line":60,"column":96}},{"start":{},"end":{}}],"line":60},"24":{"loc":{"start":{"line":60,"column":6},"end":{"line":60,"column":42}},"type":"binary-expr","locations":[{"start":{"line":60,"column":6},"end":{"line":60,"column":12}},{"start":{"line":60,"column":16},"end":{"line":60,"column":42}}],"line":60},"25":{"loc":{"start":{"line":62,"column":2},"end":{"line":64,"column":3}},"type":"if","locations":[{"start":{"line":62,"column":2},"end":{"line":64,"column":3}},{"start":{},"end":{}}],"line":62},"26":{"loc":{"start":{"line":70,"column":6},"end":{"line":72,"column":7}},"type":"if","locations":[{"start":{"line":70,"column":6},"end":{"line":72,"column":7}},{"start":{},"end":{}}],"line":70},"27":{"loc":{"start":{"line":70,"column":10},"end":{"line":70,"column":68}},"type":"binary-expr","locations":[{"start":{"line":70,"column":10},"end":{"line":70,"column":32}},{"start":{"line":70,"column":36},"end":{"line":70,"column":68}}],"line":70},"28":{"loc":{"start":{"line":82,"column":2},"end":{"line":83,"column":91}},"type":"if","locations":[{"start":{"line":82,"column":2},"end":{"line":83,"column":91}},{"start":{"line":83,"column":7},"end":{"line":83,"column":91}}],"line":82},"29":{"loc":{"start":{"line":83,"column":7},"end":{"line":83,"column":91}},"type":"if","locations":[{"start":{"line":83,"column":7},"end":{"line":83,"column":91}},{"start":{},"end":{}}],"line":83},"30":{"loc":{"start":{"line":85,"column":2},"end":{"line":85,"column":112}},"type":"if","locations":[{"start":{"line":85,"column":2},"end":{"line":85,"column":112}},{"start":{},"end":{}}],"line":85},"31":{"loc":{"start":{"line":89,"column":6},"end":{"line":89,"column":127}},"type":"if","locations":[{"start":{"line":89,"column":6},"end":{"line":89,"column":127}},{"start":{},"end":{}}],"line":89},"32":{"loc":{"start":{"line":107,"column":2},"end":{"line":107,"column":118}},"type":"if","locations":[{"start":{"line":107,"column":2},"end":{"line":107,"column":118}},{"start":{},"end":{}}],"line":107},"33":{"loc":{"start":{"line":111,"column":2},"end":{"line":111,"column":82}},"type":"if","locations":[{"start":{"line":111,"column":2},"end":{"line":111,"column":82}},{"start":{},"end":{}}],"line":111},"34":{"loc":{"start":{"line":111,"column":6},"end":{"line":111,"column":41}},"type":"binary-expr","locations":[{"start":{"line":111,"column":6},"end":{"line":111,"column":12}},{"start":{"line":111,"column":16},"end":{"line":111,"column":41}}],"line":111},"35":{"loc":{"start":{"line":112,"column":2},"end":{"line":112,"column":168}},"type":"if","locations":[{"start":{"line":112,"column":2},"end":{"line":112,"column":168}},{"start":{},"end":{}}],"line":112},"36":{"loc":{"start":{"line":112,"column":6},"end":{"line":112,"column":47}},"type":"binary-expr","locations":[{"start":{"line":112,"column":6},"end":{"line":112,"column":14}},{"start":{"line":112,"column":18},"end":{"line":112,"column":47}}],"line":112},"37":{"loc":{"start":{"line":113,"column":2},"end":{"line":113,"column":107}},"type":"if","locations":[{"start":{"line":113,"column":2},"end":{"line":113,"column":107}},{"start":{},"end":{}}],"line":113},"38":{"loc":{"start":{"line":113,"column":6},"end":{"line":113,"column":41}},"type":"binary-expr","locations":[{"start":{"line":113,"column":6},"end":{"line":113,"column":12}},{"start":{"line":113,"column":16},"end":{"line":113,"column":41}}],"line":113},"39":{"loc":{"start":{"line":114,"column":2},"end":{"line":114,"column":111}},"type":"if","locations":[{"start":{"line":114,"column":2},"end":{"line":114,"column":111}},{"start":{},"end":{}}],"line":114},"40":{"loc":{"start":{"line":114,"column":6},"end":{"line":114,"column":35}},"type":"binary-expr","locations":[{"start":{"line":114,"column":6},"end":{"line":114,"column":9}},{"start":{"line":114,"column":13},"end":{"line":114,"column":35}}],"line":114},"41":{"loc":{"start":{"line":115,"column":2},"end":{"line":115,"column":111}},"type":"if","locations":[{"start":{"line":115,"column":2},"end":{"line":115,"column":111}},{"start":{},"end":{}}],"line":115},"42":{"loc":{"start":{"line":115,"column":6},"end":{"line":115,"column":35}},"type":"binary-expr","locations":[{"start":{"line":115,"column":6},"end":{"line":115,"column":9}},{"start":{"line":115,"column":13},"end":{"line":115,"column":35}}],"line":115},"43":{"loc":{"start":{"line":116,"column":2},"end":{"line":116,"column":146}},"type":"if","locations":[{"start":{"line":116,"column":2},"end":{"line":116,"column":146}},{"start":{},"end":{}}],"line":116},"44":{"loc":{"start":{"line":116,"column":6},"end":{"line":116,"column":44}},"type":"binary-expr","locations":[{"start":{"line":116,"column":6},"end":{"line":116,"column":14}},{"start":{"line":116,"column":18},"end":{"line":116,"column":44}}],"line":116},"45":{"loc":{"start":{"line":117,"column":2},"end":{"line":117,"column":87}},"type":"if","locations":[{"start":{"line":117,"column":2},"end":{"line":117,"column":87}},{"start":{},"end":{}}],"line":117},"46":{"loc":{"start":{"line":117,"column":6},"end":{"line":117,"column":36}},"type":"binary-expr","locations":[{"start":{"line":117,"column":6},"end":{"line":117,"column":9}},{"start":{"line":117,"column":13},"end":{"line":117,"column":36}}],"line":117},"47":{"loc":{"start":{"line":118,"column":2},"end":{"line":118,"column":96}},"type":"if","locations":[{"start":{"line":118,"column":2},"end":{"line":118,"column":96}},{"start":{},"end":{}}],"line":118},"48":{"loc":{"start":{"line":118,"column":6},"end":{"line":118,"column":42}},"type":"binary-expr","locations":[{"start":{"line":118,"column":6},"end":{"line":118,"column":12}},{"start":{"line":118,"column":16},"end":{"line":118,"column":42}}],"line":118},"49":{"loc":{"start":{"line":120,"column":2},"end":{"line":120,"column":112}},"type":"if","locations":[{"start":{"line":120,"column":2},"end":{"line":120,"column":112}},{"start":{},"end":{}}],"line":120},"50":{"loc":{"start":{"line":123,"column":22},"end":{"line":123,"column":129}},"type":"cond-expr","locations":[{"start":{"line":123,"column":33},"end":{"line":123,"column":109}},{"start":{"line":123,"column":112},"end":{"line":123,"column":129}}],"line":123},"51":{"loc":{"start":{"line":127,"column":6},"end":{"line":127,"column":50}},"type":"if","locations":[{"start":{"line":127,"column":6},"end":{"line":127,"column":50}},{"start":{},"end":{}}],"line":127},"52":{"loc":{"start":{"line":128,"column":6},"end":{"line":128,"column":41}},"type":"if","locations":[{"start":{"line":128,"column":6},"end":{"line":128,"column":41}},{"start":{},"end":{}}],"line":128},"53":{"loc":{"start":{"line":129,"column":6},"end":{"line":129,"column":41}},"type":"if","locations":[{"start":{"line":129,"column":6},"end":{"line":129,"column":41}},{"start":{},"end":{}}],"line":129},"54":{"loc":{"start":{"line":130,"column":6},"end":{"line":130,"column":56}},"type":"if","locations":[{"start":{"line":130,"column":6},"end":{"line":130,"column":56}},{"start":{},"end":{}}],"line":130},"55":{"loc":{"start":{"line":131,"column":6},"end":{"line":131,"column":41}},"type":"if","locations":[{"start":{"line":131,"column":6},"end":{"line":131,"column":41}},{"start":{},"end":{}}],"line":131},"56":{"loc":{"start":{"line":132,"column":6},"end":{"line":132,"column":50}},"type":"if","locations":[{"start":{"line":132,"column":6},"end":{"line":132,"column":50}},{"start":{},"end":{}}],"line":132},"57":{"loc":{"start":{"line":137,"column":6},"end":{"line":137,"column":129}},"type":"if","locations":[{"start":{"line":137,"column":6},"end":{"line":137,"column":129}},{"start":{},"end":{}}],"line":137}},"s":{"0":1,"1":1,"2":1,"3":1,"4":1,"5":1,"6":8,"7":0,"8":8,"9":8,"10":1,"11":2,"12":1,"13":1,"14":1,"15":8,"16":8,"17":8,"18":8,"19":8,"20":8,"21":8,"22":8,"23":1,"24":8,"25":1,"26":8,"27":1,"28":8,"29":1,"30":8,"31":1,"32":8,"33":1,"34":8,"35":1,"36":8,"37":1,"38":8,"39":1,"40":8,"41":1,"42":8,"43":1,"44":8,"45":1,"46":8,"47":0,"48":8,"49":0,"50":8,"51":5,"52":3,"53":3,"54":1,"55":2,"56":1,"57":1,"58":1,"59":5,"60":5,"61":5,"62":1,"63":4,"64":1,"65":5,"66":2,"67":3,"68":2,"69":1,"70":1,"71":1,"72":1,"73":6,"74":6,"75":6,"76":6,"77":6,"78":6,"79":6,"80":6,"81":6,"82":1,"83":5,"84":5,"85":1,"86":5,"87":1,"88":5,"89":0,"90":5,"91":0,"92":5,"93":0,"94":5,"95":1,"96":5,"97":0,"98":5,"99":0,"100":5,"101":3,"102":2,"103":2,"104":0,"105":2,"106":2,"107":2,"108":2,"109":0,"110":2,"111":0,"112":2,"113":0,"114":2,"115":0,"116":2,"117":0,"118":2,"119":1,"120":0,"121":1,"122":1,"123":1},"f":{"0":8,"1":2,"2":1,"3":1,"4":8,"5":3,"6":1,"7":2,"8":5,"9":2,"10":1,"11":6,"12":0,"13":2,"14":1,"15":1},"b":{"0":[0,8],"1":[1,1],"2":[1,1],"3":[1,7],"4":[1,7],"5":[1,7],"6":[1,7],"7":[1,7],"8":[1,7],"9":[1,7],"10":[8,7],"11":[1,7],"12":[8,7],"13":[1,7],"14":[8,7],"15":[1,7],"16":[8,7],"17":[1,7],"18":[8,7],"19":[1,7],"20":[8,7],"21":[0,8],"22":[8,7],"23":[0,8],"24":[8,7],"25":[5,3],"26":[1,1],"27":[2,1],"28":[1,4],"29":[1,3],"30":[2,3],"31":[1,1],"32":[1,5],"33":[1,4],"34":[5,5],"35":[1,4],"36":[5,1],"37":[0,5],"38":[5,3],"39":[0,5],"40":[5,0],"41":[0,5],"42":[5,0],"43":[1,4],"44":[5,1],"45":[0,5],"46":[5,0],"47":[0,5],"48":[5,0],"49":[3,2],"50":[0,2],"51":[2,0],"52":[0,2],"53":[0,2],"54":[0,2],"55":[0,2],"56":[0,2],"57":[0,1]},"_coverageSchema":"1a1c01bbd47fc00a2c39e90264f33305004495a9","hash":"41963ca29cc0146b2bc257d967d3bb53606dcafc"}
}
