TN:
SF:src\application\authService.js
FN:4,(anonymous_0)
FNF:1
FNH:1
FNDA:4,(anonymous_0)
DA:1,2
DA:5,4
DA:6,4
DA:8,3
DA:18,2
DA:19,1
DA:21,1
DA:22,1
DA:27,2
LF:9
LH:9
BRDA:6,0,0,1
BRDA:6,0,1,3
BRDA:6,1,0,4
BRDA:6,1,1,3
BRDA:18,2,0,1
BRDA:18,2,1,1
BRF:6
BRH:6
end_of_record
TN:
SF:src\application\recuperarService.js
FN:5,(anonymous_0)
FN:12,(anonymous_1)
FN:13,(anonymous_2)
FN:19,(anonymous_3)
FN:26,(anonymous_4)
FN:35,(anonymous_5)
FN:41,(anonymous_6)
FN:48,(anonymous_7)
FN:49,(anonymous_8)
FNF:9
FNH:9
FNDA:3,(anonymous_0)
FNDA:2,(anonymous_1)
FNDA:1,(anonymous_2)
FNDA:3,(anonymous_3)
FNDA:2,(anonymous_4)
FNDA:1,(anonymous_5)
FNDA:2,(anonymous_6)
FNDA:1,(anonymous_7)
FNDA:1,(anonymous_8)
DA:1,3
DA:6,3
DA:12,2
DA:14,1
DA:15,1
DA:20,3
DA:27,2
DA:28,2
DA:30,2
DA:31,1
DA:33,1
DA:36,1
DA:37,1
DA:42,2
DA:48,1
DA:50,1
DA:51,1
DA:56,3
LF:18
LH:18
BRDA:27,0,0,0
BRDA:27,0,1,2
BRDA:30,1,0,1
BRDA:30,1,1,1
BRDA:30,2,0,2
BRDA:30,2,1,2
BRDA:31,3,0,0
BRDA:31,3,1,1
BRDA:31,4,0,1
BRDA:31,4,1,1
BRF:10
BRH:8
end_of_record
TN:
SF:src\application\usuarioService.js
FN:7,(anonymous_0)
FN:11,(anonymous_1)
FN:11,(anonymous_2)
FN:12,(anonymous_3)
FN:15,(anonymous_4)
FN:17,(anonymous_5)
FN:23,(anonymous_6)
FN:29,(anonymous_7)
FN:31,(anonymous_8)
FN:40,(anonymous_9)
FN:61,(anonymous_10)
FN:62,(anonymous_11)
FN:65,(anonymous_12)
FN:75,(anonymous_13)
FN:86,(anonymous_14)
FN:92,(anonymous_15)
FN:95,(anonymous_16)
FN:100,(anonymous_17)
FN:103,(anonymous_18)
FN:108,(anonymous_19)
FN:109,(anonymous_20)
FN:112,(anonymous_21)
FN:121,(anonymous_22)
FN:138,(anonymous_23)
FN:141,(anonymous_24)
FN:149,(anonymous_25)
FN:163,(anonymous_26)
FN:165,(anonymous_27)
FN:168,(anonymous_28)
FN:173,(anonymous_29)
FN:182,(anonymous_30)
FN:185,(anonymous_31)
FN:193,(anonymous_32)
FN:199,(anonymous_33)
FN:202,(anonymous_34)
FN:211,(anonymous_35)
FN:224,(anonymous_36)
FNF:37
FNH:33
FNDA:2,(anonymous_0)
FNDA:1,(anonymous_1)
FNDA:1,(anonymous_2)
FNDA:1,(anonymous_3)
FNDA:3,(anonymous_4)
FNDA:3,(anonymous_5)
FNDA:1,(anonymous_6)
FNDA:1,(anonymous_7)
FNDA:2,(anonymous_8)
FNDA:1,(anonymous_9)
FNDA:1,(anonymous_10)
FNDA:0,(anonymous_11)
FNDA:1,(anonymous_12)
FNDA:1,(anonymous_13)
FNDA:1,(anonymous_14)
FNDA:0,(anonymous_15)
FNDA:2,(anonymous_16)
FNDA:0,(anonymous_17)
FNDA:2,(anonymous_18)
FNDA:2,(anonymous_19)
FNDA:0,(anonymous_20)
FNDA:3,(anonymous_21)
FNDA:2,(anonymous_22)
FNDA:1,(anonymous_23)
FNDA:2,(anonymous_24)
FNDA:1,(anonymous_25)
FNDA:1,(anonymous_26)
FNDA:1,(anonymous_27)
FNDA:3,(anonymous_28)
FNDA:2,(anonymous_29)
FNDA:1,(anonymous_30)
FNDA:2,(anonymous_31)
FNDA:1,(anonymous_32)
FNDA:1,(anonymous_33)
FNDA:2,(anonymous_34)
FNDA:1,(anonymous_35)
FNDA:1,(anonymous_36)
DA:1,3
DA:2,3
DA:3,3
DA:8,2
DA:11,1
DA:12,1
DA:16,3
DA:17,3
DA:24,1
DA:25,1
DA:29,1
DA:32,2
DA:33,2
DA:34,1
DA:36,1
DA:45,1
DA:61,1
DA:62,0
DA:67,1
DA:68,0
DA:69,1
DA:70,0
DA:72,1
DA:75,1
DA:76,1
DA:87,1
DA:88,0
DA:89,0
DA:92,0
DA:96,2
DA:100,0
DA:104,2
DA:108,2
DA:109,0
DA:113,3
DA:122,2
DA:123,1
DA:124,1
DA:138,1
DA:142,2
DA:143,2
DA:145,2
DA:150,1
DA:151,0
DA:152,0
DA:153,0
DA:156,1
DA:163,1
DA:165,1
DA:169,3
DA:174,2
DA:175,1
DA:176,1
DA:182,1
DA:186,2
DA:194,1
DA:195,1
DA:196,1
DA:197,0
DA:199,1
DA:203,2
DA:212,1
DA:213,1
DA:214,1
DA:224,1
DA:229,3
LF:66
LH:54
BRDA:33,0,0,1
BRDA:33,0,1,1
BRDA:33,1,0,2
BRDA:33,1,1,1
BRDA:33,1,2,1
BRDA:36,2,0,1
BRDA:36,2,1,0
BRDA:41,3,0,0
BRDA:41,4,0,1
BRDA:41,5,0,1
BRDA:42,6,0,1
BRDA:42,7,0,1
BRDA:42,8,0,1
BRDA:42,9,0,1
BRDA:43,10,0,1
BRDA:43,11,0,1
BRDA:43,12,0,1
BRDA:61,13,0,1
BRDA:61,13,1,0
BRDA:67,14,0,0
BRDA:67,14,1,1
BRDA:69,15,0,0
BRDA:69,15,1,1
BRDA:70,16,0,0
BRDA:70,16,1,0
BRDA:87,17,0,1
BRDA:87,17,1,0
BRDA:89,18,0,0
BRDA:89,18,1,0
BRDA:108,19,0,1
BRDA:108,19,1,1
BRDA:122,20,0,1
BRDA:122,20,1,1
BRDA:134,21,0,1
BRDA:134,21,1,0
BRDA:135,22,0,0
BRDA:135,22,1,1
BRDA:141,23,0,2
BRDA:143,24,0,2
BRDA:143,24,1,2
BRDA:150,25,0,0
BRDA:150,25,1,1
BRDA:152,26,0,0
BRDA:152,26,1,0
BRDA:152,27,0,0
BRDA:152,27,1,0
BRDA:152,27,2,0
BRDA:163,28,0,1
BRDA:163,28,1,0
BRDA:174,29,0,1
BRDA:174,29,1,1
BRDA:178,30,0,1
BRDA:178,30,1,0
BRDA:179,31,0,1
BRDA:179,31,1,0
BRDA:194,32,0,0
BRDA:194,32,1,1
BRDA:196,33,0,1
BRDA:196,33,1,0
BRDA:196,34,0,1
BRDA:196,34,1,1
BRDA:196,34,2,1
BRDA:212,35,0,0
BRDA:212,35,1,1
BRDA:219,36,0,1
BRDA:219,36,1,0
BRDA:220,37,0,1
BRDA:220,37,1,0
BRDA:221,38,0,1
BRDA:221,38,1,0
BRF:70
BRH:43
end_of_record
TN:
SF:src\config\email.js
FNF:0
FNH:0
DA:1,1
DA:2,1
DA:4,1
DA:12,1
LF:4
LH:4
BRF:0
BRH:0
end_of_record
TN:
SF:src\domain\usuario.js
FN:2,(anonymous_0)
FNF:1
FNH:1
FNDA:3,(anonymous_0)
DA:3,3
DA:4,3
DA:5,3
DA:6,3
DA:7,3
DA:8,3
DA:9,3
DA:10,3
DA:11,3
DA:15,3
LF:10
LH:10
BRF:0
BRH:0
end_of_record
TN:
SF:src\helpers\errorResponse.js
FN:1,errorResponse
FNF:1
FNH:1
FNDA:8,errorResponse
DA:2,8
DA:11,2
LF:2
LH:2
BRDA:1,0,0,0
BRDA:1,1,0,0
BRF:2
BRH:0
end_of_record
TN:
SF:src\infrastructure\db\index.js
FNF:0
FNH:0
DA:1,2
DA:3,2
DA:5,2
DA:13,2
DA:15,2
LF:5
LH:5
BRDA:10,0,0,2
BRDA:10,0,1,0
BRF:2
BRH:1
end_of_record
TN:
SF:src\interfaces\controllers\authController.js
FN:17,(anonymous_0)
FN:17,(anonymous_1)
FN:17,(anonymous_2)
FN:19,(anonymous_3)
FN:38,(anonymous_4)
FN:42,(anonymous_5)
FN:46,(anonymous_6)
FN:48,(anonymous_7)
FN:54,(anonymous_8)
FN:57,(anonymous_9)
FN:62,(anonymous_10)
FN:66,(anonymous_11)
FN:66,(anonymous_12)
FN:76,(anonymous_13)
FN:87,(anonymous_14)
FN:93,(anonymous_15)
FN:109,(anonymous_16)
FN:113,(anonymous_17)
FN:117,(anonymous_18)
FN:118,(anonymous_19)
FN:159,(anonymous_20)
FNF:21
FNH:4
FNDA:0,(anonymous_0)
FNDA:0,(anonymous_1)
FNDA:0,(anonymous_2)
FNDA:3,(anonymous_3)
FNDA:1,(anonymous_4)
FNDA:0,(anonymous_5)
FNDA:0,(anonymous_6)
FNDA:0,(anonymous_7)
FNDA:0,(anonymous_8)
FNDA:0,(anonymous_9)
FNDA:0,(anonymous_10)
FNDA:0,(anonymous_11)
FNDA:0,(anonymous_12)
FNDA:0,(anonymous_13)
FNDA:0,(anonymous_14)
FNDA:3,(anonymous_15)
FNDA:1,(anonymous_16)
FNDA:0,(anonymous_17)
FNDA:0,(anonymous_18)
FNDA:0,(anonymous_19)
FNDA:0,(anonymous_20)
DA:1,1
DA:2,1
DA:3,1
DA:4,1
DA:5,1
DA:6,1
DA:7,1
DA:8,1
DA:9,1
DA:10,1
DA:11,1
DA:13,1
DA:14,1
DA:15,1
DA:17,1
DA:19,1
DA:20,3
DA:21,3
DA:23,3
DA:24,3
DA:26,3
DA:27,3
DA:29,3
DA:30,3
DA:32,3
DA:33,3
DA:35,3
DA:37,1
DA:39,1
DA:41,0
DA:43,0
DA:45,0
DA:47,0
DA:48,0
DA:49,0
DA:53,0
DA:55,0
DA:56,0
DA:58,0
DA:59,0
DA:63,0
DA:64,0
DA:65,0
DA:66,0
DA:67,0
DA:68,0
DA:76,0
DA:78,0
DA:79,0
DA:88,0
DA:89,0
DA:93,1
DA:94,3
DA:95,3
DA:97,3
DA:98,2
DA:99,0
DA:101,3
DA:102,2
DA:104,3
DA:106,1
DA:108,1
DA:110,1
DA:112,0
DA:114,0
DA:116,0
DA:117,0
DA:119,0
DA:120,0
DA:121,0
DA:122,0
DA:125,0
DA:126,0
DA:127,0
DA:128,0
DA:129,0
DA:131,0
DA:132,0
DA:133,0
DA:134,0
DA:141,0
DA:143,0
DA:151,0
DA:152,0
DA:154,0
DA:160,0
DA:161,0
DA:165,1
LF:88
LH:41
BRDA:23,0,0,1
BRDA:23,0,1,2
BRDA:24,1,0,1
BRDA:24,1,1,2
BRDA:26,2,0,0
BRDA:26,2,1,3
BRDA:26,3,0,3
BRDA:26,3,1,2
BRDA:27,4,0,0
BRDA:27,4,1,3
BRDA:27,5,0,3
BRDA:27,5,1,2
BRDA:29,6,0,0
BRDA:29,6,1,3
BRDA:29,7,0,3
BRDA:29,7,1,2
BRDA:30,8,0,0
BRDA:30,8,1,3
BRDA:30,9,0,3
BRDA:30,9,1,2
BRDA:32,10,0,1
BRDA:32,10,1,2
BRDA:32,11,0,3
BRDA:32,11,1,2
BRDA:33,12,0,0
BRDA:33,12,1,3
BRDA:33,13,0,3
BRDA:33,13,1,2
BRDA:35,14,0,2
BRDA:35,14,1,1
BRDA:39,15,0,1
BRDA:39,15,1,0
BRDA:43,16,0,0
BRDA:43,16,1,0
BRDA:47,17,0,0
BRDA:47,17,1,0
BRDA:55,18,0,0
BRDA:55,18,1,0
BRDA:58,19,0,0
BRDA:58,19,1,0
BRDA:58,20,0,0
BRDA:58,20,1,0
BRDA:67,21,0,0
BRDA:67,21,1,0
BRDA:97,22,0,1
BRDA:97,22,1,2
BRDA:98,23,0,0
BRDA:98,23,1,2
BRDA:98,24,0,2
BRDA:98,24,1,0
BRDA:101,25,0,1
BRDA:101,25,1,2
BRDA:102,26,0,1
BRDA:102,26,1,1
BRDA:104,27,0,2
BRDA:104,27,1,1
BRDA:110,28,0,1
BRDA:110,28,1,0
BRDA:114,29,0,0
BRDA:114,29,1,0
BRDA:125,30,0,0
BRDA:125,30,1,0
BRDA:127,31,0,0
BRDA:127,31,1,0
BRDA:127,32,0,0
BRDA:127,32,1,0
BRDA:127,32,2,0
BRF:67
BRH:37
end_of_record
TN:
SF:src\interfaces\controllers\recuperarController.js
FN:11,(anonymous_0)
FN:12,(anonymous_1)
FN:13,(anonymous_2)
FN:17,(anonymous_3)
FN:30,(anonymous_4)
FN:37,(anonymous_5)
FN:40,(anonymous_6)
FN:50,(anonymous_7)
FN:58,(anonymous_8)
FN:64,(anonymous_9)
FN:85,(anonymous_10)
FN:89,(anonymous_11)
FN:93,(anonymous_12)
FN:94,(anonymous_13)
FN:95,(anonymous_14)
FN:98,(anonymous_15)
FNF:16
FNH:14
FNDA:1,(anonymous_0)
FNDA:1,(anonymous_1)
FNDA:1,(anonymous_2)
FNDA:2,(anonymous_3)
FNDA:2,(anonymous_4)
FNDA:1,(anonymous_5)
FNDA:1,(anonymous_6)
FNDA:1,(anonymous_7)
FNDA:0,(anonymous_8)
FNDA:2,(anonymous_9)
FNDA:2,(anonymous_10)
FNDA:2,(anonymous_11)
FNDA:1,(anonymous_12)
FNDA:1,(anonymous_13)
FNDA:1,(anonymous_14)
FNDA:0,(anonymous_15)
DA:1,1
DA:2,1
DA:3,1
DA:4,1
DA:5,1
DA:6,1
DA:8,1
DA:9,1
DA:11,1
DA:12,1
DA:13,1
DA:17,1
DA:18,2
DA:19,2
DA:21,2
DA:22,2
DA:24,2
DA:25,0
DA:29,2
DA:31,2
DA:33,1
DA:34,1
DA:36,1
DA:38,1
DA:40,1
DA:41,1
DA:42,1
DA:50,1
DA:52,0
DA:53,0
DA:59,0
DA:60,0
DA:64,1
DA:65,2
DA:66,2
DA:67,2
DA:68,2
DA:70,2
DA:71,2
DA:73,2
DA:74,2
DA:76,2
DA:77,2
DA:81,2
DA:84,2
DA:86,2
DA:88,2
DA:90,2
DA:92,1
DA:93,1
DA:94,1
DA:95,1
DA:99,0
DA:100,0
DA:104,1
LF:55
LH:48
BRDA:21,0,0,0
BRDA:21,0,1,2
BRDA:22,1,0,0
BRDA:22,1,1,2
BRDA:24,2,0,0
BRDA:24,2,1,2
BRDA:31,3,0,1
BRDA:31,3,1,1
BRDA:38,4,0,0
BRDA:38,4,1,1
BRDA:41,5,0,1
BRDA:41,5,1,0
BRDA:66,6,0,2
BRDA:66,6,1,0
BRDA:70,7,0,0
BRDA:70,7,1,2
BRDA:71,8,0,0
BRDA:71,8,1,2
BRDA:73,9,0,0
BRDA:73,9,1,2
BRDA:73,10,0,2
BRDA:73,10,1,0
BRDA:74,11,0,0
BRDA:74,11,1,2
BRDA:74,12,0,2
BRDA:74,12,1,2
BRDA:76,13,0,0
BRDA:76,13,1,2
BRDA:77,14,0,0
BRDA:77,14,1,2
BRDA:81,15,0,0
BRDA:81,15,1,2
BRDA:86,16,0,0
BRDA:86,16,1,2
BRDA:90,17,0,1
BRDA:90,17,1,1
BRF:36
BRH:21
end_of_record
TN:
SF:src\interfaces\middlewares\loginAttempts.js
FN:7,(anonymous_0)
FN:30,(anonymous_1)
FNF:2
FNH:2
FNDA:3,(anonymous_0)
FNDA:3,(anonymous_1)
DA:1,2
DA:2,2
DA:4,2
DA:5,2
DA:7,2
DA:8,3
DA:15,3
DA:16,3
DA:18,2
DA:20,1
DA:27,1
DA:30,2
DA:31,3
DA:36,3
DA:37,3
DA:39,3
DA:40,1
DA:42,1
DA:49,1
DA:56,2
DA:63,2
LF:21
LH:21
BRDA:16,0,0,1
BRDA:16,0,1,2
BRDA:16,1,0,3
BRDA:16,1,1,2
BRDA:18,2,0,1
BRDA:18,2,1,1
BRDA:36,3,0,3
BRDA:36,3,1,1
BRDA:39,4,0,1
BRDA:39,4,1,2
BRF:10
BRH:10
end_of_record
