TN:
SF:src\application\usuarioService.js
FN:7,(anonymous_0)
FN:11,(anonymous_1)
FN:11,(anonymous_2)
FN:12,(anonymous_3)
FN:15,(anonymous_4)
FN:17,(anonymous_5)
FN:23,(anonymous_6)
FN:29,(anonymous_7)
FN:31,(anonymous_8)
FN:40,(anonymous_9)
FN:61,(anonymous_10)
FN:62,(anonymous_11)
FN:65,(anonymous_12)
FN:75,(anonymous_13)
FN:86,(anonymous_14)
FN:92,(anonymous_15)
FN:95,(anonymous_16)
FN:100,(anonymous_17)
FN:103,(anonymous_18)
FN:108,(anonymous_19)
FN:109,(anonymous_20)
FN:112,(anonymous_21)
FN:121,(anonymous_22)
FN:138,(anonymous_23)
FN:141,(anonymous_24)
FN:149,(anonymous_25)
FN:163,(anonymous_26)
FN:165,(anonymous_27)
FN:168,(anonymous_28)
FN:173,(anonymous_29)
FN:182,(anonymous_30)
FN:185,(anonymous_31)
FN:193,(anonymous_32)
FN:199,(anonymous_33)
FN:202,(anonymous_34)
FN:211,(anonymous_35)
FN:224,(anonymous_36)
FNF:37
FNH:32
FNDA:2,(anonymous_0)
FNDA:1,(anonymous_1)
FNDA:1,(anonymous_2)
FNDA:1,(anonymous_3)
FNDA:3,(anonymous_4)
FNDA:3,(anonymous_5)
FNDA:1,(anonymous_6)
FNDA:1,(anonymous_7)
FNDA:2,(anonymous_8)
FNDA:2,(anonymous_9)
FNDA:1,(anonymous_10)
FNDA:1,(anonymous_11)
FNDA:3,(anonymous_12)
FNDA:3,(anonymous_13)
FNDA:3,(anonymous_14)
FNDA:0,(anonymous_15)
FNDA:2,(anonymous_16)
FNDA:1,(anonymous_17)
FNDA:3,(anonymous_18)
FNDA:2,(anonymous_19)
FNDA:1,(anonymous_20)
FNDA:2,(anonymous_21)
FNDA:2,(anonymous_22)
FNDA:0,(anonymous_23)
FNDA:3,(anonymous_24)
FNDA:2,(anonymous_25)
FNDA:1,(anonymous_26)
FNDA:1,(anonymous_27)
FNDA:2,(anonymous_28)
FNDA:2,(anonymous_29)
FNDA:0,(anonymous_30)
FNDA:2,(anonymous_31)
FNDA:2,(anonymous_32)
FNDA:0,(anonymous_33)
FNDA:2,(anonymous_34)
FNDA:2,(anonymous_35)
FNDA:0,(anonymous_36)
DA:1,2
DA:2,2
DA:3,2
DA:8,2
DA:11,1
DA:12,1
DA:16,3
DA:17,3
DA:24,1
DA:25,1
DA:29,1
DA:32,2
DA:33,2
DA:34,1
DA:36,1
DA:45,2
DA:61,1
DA:62,1
DA:67,3
DA:68,0
DA:69,3
DA:70,1
DA:72,2
DA:75,3
DA:76,3
DA:87,3
DA:88,2
DA:89,2
DA:92,0
DA:96,2
DA:100,1
DA:104,3
DA:108,2
DA:109,1
DA:113,2
DA:122,2
DA:123,1
DA:124,1
DA:138,0
DA:142,3
DA:143,3
DA:145,3
DA:150,2
DA:151,1
DA:152,1
DA:153,1
DA:156,1
DA:163,1
DA:165,1
DA:169,2
DA:174,2
DA:175,1
DA:176,1
DA:182,0
DA:186,2
DA:194,2
DA:195,2
DA:196,2
DA:197,1
DA:199,0
DA:203,2
DA:212,2
DA:213,1
DA:214,1
DA:224,0
DA:229,2
LF:66
LH:60
BRDA:33,0,0,1
BRDA:33,0,1,1
BRDA:33,1,0,2
BRDA:33,1,1,1
BRDA:33,1,2,1
BRDA:36,2,0,1
BRDA:36,2,1,0
BRDA:41,3,0,1
BRDA:41,4,0,2
BRDA:41,5,0,2
BRDA:42,6,0,2
BRDA:42,7,0,2
BRDA:42,8,0,2
BRDA:42,9,0,2
BRDA:43,10,0,2
BRDA:43,11,0,2
BRDA:43,12,0,2
BRDA:61,13,0,1
BRDA:61,13,1,0
BRDA:67,14,0,0
BRDA:67,14,1,3
BRDA:69,15,0,1
BRDA:69,15,1,2
BRDA:70,16,0,0
BRDA:70,16,1,1
BRDA:87,17,0,1
BRDA:87,17,1,2
BRDA:89,18,0,2
BRDA:89,18,1,1
BRDA:108,19,0,1
BRDA:108,19,1,1
BRDA:122,20,0,1
BRDA:122,20,1,1
BRDA:134,21,0,1
BRDA:134,21,1,1
BRDA:135,22,0,0
BRDA:135,22,1,1
BRDA:141,23,0,3
BRDA:143,24,0,3
BRDA:143,24,1,3
BRDA:150,25,0,1
BRDA:150,25,1,1
BRDA:152,26,0,1
BRDA:152,26,1,0
BRDA:152,27,0,1
BRDA:152,27,1,1
BRDA:152,27,2,1
BRDA:163,28,0,1
BRDA:163,28,1,0
BRDA:174,29,0,1
BRDA:174,29,1,1
BRDA:178,30,0,1
BRDA:178,30,1,0
BRDA:179,31,0,1
BRDA:179,31,1,0
BRDA:194,32,0,0
BRDA:194,32,1,2
BRDA:196,33,0,1
BRDA:196,33,1,1
BRDA:196,34,0,2
BRDA:196,34,1,2
BRDA:196,34,2,2
BRDA:212,35,0,1
BRDA:212,35,1,1
BRDA:219,36,0,1
BRDA:219,36,1,0
BRDA:220,37,0,1
BRDA:220,37,1,0
BRDA:221,38,0,1
BRDA:221,38,1,0
BRF:70
BRH:57
end_of_record
TN:
SF:src\domain\usuario.js
FN:2,(anonymous_0)
FNF:1
FNH:1
FNDA:5,(anonymous_0)
DA:3,5
DA:4,5
DA:5,5
DA:6,5
DA:7,5
DA:8,5
DA:9,5
DA:10,5
DA:11,5
DA:15,2
LF:10
LH:10
BRF:0
BRH:0
end_of_record
TN:
SF:src\infrastructure\db\index.js
FNF:0
FNH:0
DA:1,1
DA:3,1
DA:5,1
DA:13,1
DA:15,1
LF:5
LH:5
BRDA:10,0,0,1
BRDA:10,0,1,0
BRF:2
BRH:1
end_of_record
TN:
SF:src\interfaces\controllers\usuarioController.js
FN:8,(anonymous_0)
FN:15,(anonymous_1)
FN:17,(anonymous_2)
FN:26,(anonymous_3)
FN:34,(anonymous_4)
FN:67,(anonymous_5)
FN:68,(anonymous_6)
FN:69,(anonymous_7)
FN:78,(anonymous_8)
FN:88,(anonymous_9)
FN:92,(anonymous_10)
FN:96,(anonymous_11)
FN:123,(anonymous_12)
FN:126,(anonymous_13)
FN:136,(anonymous_14)
FN:140,(anonymous_15)
FNF:16
FNH:15
FNDA:8,(anonymous_0)
FNDA:2,(anonymous_1)
FNDA:1,(anonymous_2)
FNDA:1,(anonymous_3)
FNDA:8,(anonymous_4)
FNDA:3,(anonymous_5)
FNDA:1,(anonymous_6)
FNDA:2,(anonymous_7)
FNDA:5,(anonymous_8)
FNDA:2,(anonymous_9)
FNDA:1,(anonymous_10)
FNDA:6,(anonymous_11)
FNDA:0,(anonymous_12)
FNDA:2,(anonymous_13)
FNDA:1,(anonymous_14)
FNDA:1,(anonymous_15)
DA:1,1
DA:2,1
DA:4,1
DA:5,1
DA:6,1
DA:8,1
DA:9,8
DA:10,8
DA:11,8
DA:15,1
DA:16,2
DA:18,1
DA:26,1
DA:34,1
DA:35,8
DA:37,8
DA:38,8
DA:39,8
DA:40,8
DA:41,8
DA:43,8
DA:45,8
DA:46,8
DA:47,8
DA:48,8
DA:49,8
DA:50,8
DA:52,8
DA:53,8
DA:54,8
DA:55,8
DA:56,8
DA:57,8
DA:59,8
DA:60,8
DA:62,8
DA:63,5
DA:66,3
DA:67,3
DA:68,1
DA:70,2
DA:71,1
DA:73,1
DA:78,1
DA:79,5
DA:80,5
DA:82,5
DA:83,4
DA:85,5
DA:87,3
DA:89,2
DA:90,1
DA:92,1
DA:96,1
DA:97,6
DA:99,6
DA:100,6
DA:101,6
DA:102,6
DA:103,6
DA:104,6
DA:105,6
DA:107,6
DA:109,5
DA:111,5
DA:112,5
DA:113,5
DA:114,5
DA:115,5
DA:116,5
DA:117,5
DA:118,5
DA:120,5
DA:122,2
DA:123,2
DA:125,2
DA:127,2
DA:128,2
DA:129,2
DA:130,2
DA:131,2
DA:132,2
DA:134,2
DA:137,1
DA:138,1
DA:140,1
DA:143,1
LF:87
LH:87
BRDA:9,0,0,0
BRDA:9,0,1,8
BRDA:21,1,0,1
BRDA:21,1,1,1
BRDA:22,2,0,1
BRDA:22,2,1,1
BRDA:45,3,0,1
BRDA:45,3,1,7
BRDA:46,4,0,1
BRDA:46,4,1,7
BRDA:47,5,0,1
BRDA:47,5,1,7
BRDA:48,6,0,1
BRDA:48,6,1,7
BRDA:49,7,0,1
BRDA:49,7,1,7
BRDA:50,8,0,1
BRDA:50,8,1,7
BRDA:52,9,0,1
BRDA:52,9,1,7
BRDA:52,10,0,8
BRDA:52,10,1,7
BRDA:53,11,0,1
BRDA:53,11,1,7
BRDA:53,12,0,8
BRDA:53,12,1,7
BRDA:54,13,0,1
BRDA:54,13,1,7
BRDA:54,14,0,8
BRDA:54,14,1,7
BRDA:55,15,0,1
BRDA:55,15,1,7
BRDA:55,16,0,8
BRDA:55,16,1,7
BRDA:56,17,0,1
BRDA:56,17,1,7
BRDA:56,18,0,8
BRDA:56,18,1,7
BRDA:57,19,0,1
BRDA:57,19,1,7
BRDA:57,20,0,8
BRDA:57,20,1,7
BRDA:59,21,0,0
BRDA:59,21,1,8
BRDA:59,22,0,8
BRDA:59,22,1,7
BRDA:60,23,0,0
BRDA:60,23,1,8
BRDA:60,24,0,8
BRDA:60,24,1,7
BRDA:62,25,0,5
BRDA:62,25,1,3
BRDA:70,26,0,1
BRDA:70,26,1,1
BRDA:70,27,0,2
BRDA:70,27,1,1
BRDA:82,28,0,1
BRDA:82,28,1,4
BRDA:83,29,0,1
BRDA:83,29,1,3
BRDA:85,30,0,2
BRDA:85,30,1,3
BRDA:89,31,0,1
BRDA:89,31,1,1
BRDA:107,32,0,1
BRDA:107,32,1,5
BRDA:111,33,0,1
BRDA:111,33,1,4
BRDA:111,34,0,5
BRDA:111,34,1,5
BRDA:112,35,0,1
BRDA:112,35,1,4
BRDA:112,36,0,5
BRDA:112,36,1,1
BRDA:113,37,0,0
BRDA:113,37,1,5
BRDA:113,38,0,5
BRDA:113,38,1,3
BRDA:114,39,0,0
BRDA:114,39,1,5
BRDA:114,40,0,5
BRDA:114,40,1,0
BRDA:115,41,0,0
BRDA:115,41,1,5
BRDA:115,42,0,5
BRDA:115,42,1,0
BRDA:116,43,0,1
BRDA:116,43,1,4
BRDA:116,44,0,5
BRDA:116,44,1,1
BRDA:117,45,0,0
BRDA:117,45,1,5
BRDA:117,46,0,5
BRDA:117,46,1,0
BRDA:118,47,0,0
BRDA:118,47,1,5
BRDA:118,48,0,5
BRDA:118,48,1,0
BRDA:120,49,0,3
BRDA:120,49,1,2
BRDA:123,50,0,0
BRDA:123,50,1,2
BRDA:127,51,0,2
BRDA:127,51,1,0
BRDA:128,52,0,0
BRDA:128,52,1,2
BRDA:129,53,0,0
BRDA:129,53,1,2
BRDA:130,54,0,0
BRDA:130,54,1,2
BRDA:131,55,0,0
BRDA:131,55,1,2
BRDA:132,56,0,0
BRDA:132,56,1,2
BRDA:137,57,0,0
BRDA:137,57,1,1
BRF:116
BRH:96
end_of_record
